<?xml version="1.0" encoding="utf-8"?>
<TestRun id="e1072668-777b-453d-bc7f-8b124fd36c35" name="ramzatay@CRLHV-PRET50 2022-10-04 17:13:10" runUser="CONTOURSOFTWARE\ramzatay" xmlns="http://microsoft.com/schemas/VisualStudio/TeamTest/2010">
  <Times creation="2022-10-04T17:13:10.0197936+05:00" queuing="2022-10-04T17:13:10.0197936+05:00" start="2022-10-04T17:13:04.1265404+05:00" finish="2022-10-04T17:13:10.0297846+05:00" />
  <TestSettings name="default" id="92d1aa7b-1d8e-4d9b-b4f7-b1b1b75c7de5">
    <Deployment runDeploymentRoot="ramzatay_CRLHV-PRET50_2022-10-04_17_13_10" />
  </TestSettings>
  <TestLists>
    <TestList name="Results Not in a List" id="8c84fa94-04c1-424b-9868-57a2d4851a1d" />
    <TestList name="All Loaded Results" id="19431567-8539-422a-85d7-44ee4e166bda" />
  </TestLists>
  <ResultSummary outcome="Completed">
    <Counters total="0" executed="0" passed="0" failed="0" error="0" timeout="0" aborted="0" inconclusive="0" passedButRunAborted="0" notRunnable="0" notExecuted="0" disconnected="0" warning="0" completed="0" inProgress="0" pending="0" />
    <RunInfos>
      <RunInfo computerName="CRLHV-PRET50" outcome="Warning" timestamp="2022-10-04T17:13:09.7517777+05:00">
        <Text>No test matches the given testcase filter `TestCategory=SignUp` in C:\Users\ramzatay\source\repos\DinePartner\DinePartner\bin\Debug\DinePartner.dll</Text>
      </RunInfo>
    </RunInfos>
  </ResultSummary>
</TestRun>